<?xml version="1.0" encoding="UTF-8"?>
<!-- Generated by org.testng.reporters.JUnitReportReporter -->
<testsuite hostname="VDDP03C-8FA4145" name="SeleniumTests.ValidateHomePage" tests="2" failures="0" timestamp="28 Oct 2017 19:02:08 GMT" time="20.765" errors="0">
  <testcase name="basePageNavigation" time="12.624" classname="SeleniumTests.ValidateHomePage"/>
  <testcase name="basePageNavigation" time="8.141" classname="SeleniumTests.ValidateHomePage"/>
</testsuite> <!-- SeleniumTests.ValidateHomePage -->
