<?xml version="1.0" encoding="UTF-8"?>
<!-- Generated by org.testng.reporters.JUnitReportReporter -->
<testsuite hostname="VDDP03C-8FA4145" name="SeleniumTests.ValidateTitle" tests="1" failures="0" timestamp="28 Oct 2017 19:02:08 GMT" time="4.419" errors="0">
  <testcase name="basePageNavigation" time="4.419" classname="SeleniumTests.ValidateTitle"/>
</testsuite> <!-- SeleniumTests.ValidateTitle -->
