<?xml version="1.0" encoding="UTF-8"?>
<!-- Generated by org.testng.reporters.JUnitReportReporter -->
<testsuite hostname="VDDP03C-8FA4145" name="SeleniumTestNG.HomePage" tests="2" failures="0" timestamp="27 Oct 2017 19:42:36 GMT" time="18.333" errors="0">
  <testcase name="basePageNavigation" time="10.379" classname="SeleniumTestNG.HomePage"/>
  <testcase name="basePageNavigation" time="7.954" classname="SeleniumTestNG.HomePage"/>
</testsuite> <!-- SeleniumTestNG.HomePage -->
