<?xml version="1.0" encoding="UTF-8"?>
<!-- Generated by org.testng.reporters.JUnitReportReporter -->
<testsuite hostname="DESKTOP-2A5BPMK" name="SeleniumTests.ValidateHomePage" tests="2" failures="0" timestamp="11 Aug 2018 06:17:14 GMT" time="25.193" errors="0">
  <testcase name="basePageNavigation" time="12.056" classname="SeleniumTests.ValidateHomePage"/>
  <testcase name="basePageNavigation" time="13.137" classname="SeleniumTests.ValidateHomePage"/>
</testsuite> <!-- SeleniumTests.ValidateHomePage -->
