<?xml version="1.0" encoding="UTF-8"?>
<!-- Generated by org.testng.reporters.JUnitReportReporter -->
<testsuite hostname="VDDP03C-8FA4145" name="SeleniumTestNG.ValidateTitle" tests="1" failures="0" timestamp="28 Oct 2017 11:06:35 GMT" time="11.413" errors="0">
  <testcase name="basePageNavigation" time="11.413" classname="SeleniumTestNG.ValidateTitle"/>
</testsuite> <!-- SeleniumTestNG.ValidateTitle -->
