<?xml version="1.0" encoding="UTF-8"?>
<!-- Generated by org.testng.reporters.JUnitReportReporter -->
<testsuite hostname="VDDP03C-8FA4145" name="SeleniumTests.ValidateNavigationBar" tests="1" failures="0" timestamp="28 Oct 2017 19:56:22 GMT" time="0.181" errors="0">
  <testcase name="basePageNavigation" time="0.181" classname="SeleniumTests.ValidateNavigationBar"/>
</testsuite> <!-- SeleniumTests.ValidateNavigationBar -->
